{"uid":"24ecec8a622be072","name":"Browser Test -- @1.2 ","fullName":"login Rediffmail: Browser Test","historyId":"9b1f8a615b247f63241441cfaa12bdb0","time":{"start":1667625431152,"stop":1667625461575,"duration":30423},"status":"failed","statusMessage":"AssertionError\n","statusTrace":"  File \"C:\\Users\\Prateek\\AppData\\Local\\Programs\\Python\\Python310\\lib\\site-packages\\behave\\model.py\", line 1329, in run\n    match.run(runner.context)\n  File \"C:\\Users\\Prateek\\AppData\\Local\\Programs\\Python\\Python310\\lib\\site-packages\\behave\\matchers.py\", line 98, in run\n    self.func(context, *args, **kwargs)\n  File \"features\\steps\\ScenarioOutlineExampleStep.py\", line 56, in step_impl\n    assert False  # Forcefully failing assertion\n","flaky":false,"newFailed":false,"newBroken":false,"newPassed":false,"retriesCount":0,"retriesStatusChange":false,"beforeStages":[],"testStage":{"status":"failed","statusMessage":"AssertionError\n","statusTrace":"  File \"C:\\Users\\Prateek\\AppData\\Local\\Programs\\Python\\Python310\\lib\\site-packages\\behave\\model.py\", line 1329, in run\n    match.run(runner.context)\n  File \"C:\\Users\\Prateek\\AppData\\Local\\Programs\\Python\\Python310\\lib\\site-packages\\behave\\matchers.py\", line 98, in run\n    self.func(context, *args, **kwargs)\n  File \"features\\steps\\ScenarioOutlineExampleStep.py\", line 56, in step_impl\n    assert False  # Forcefully failing assertion\n","steps":[{"name":"Given we navigate to Rediffmail account","time":{"start":1667625436880,"stop":1667625440505,"duration":3625},"status":"passed","steps":[],"attachments":[],"parameters":[],"hasContent":false,"stepsCount":0,"shouldDisplayMessage":false,"attachmentsCount":0},{"name":"When we validate the username text","time":{"start":1667625440505,"stop":1667625440820,"duration":315},"status":"passed","steps":[],"attachments":[],"parameters":[],"hasContent":false,"stepsCount":0,"shouldDisplayMessage":false,"attachmentsCount":0},{"name":"And we type in the \"selenium.testmay2017\" edit box","time":{"start":1667625440820,"stop":1667625441164,"duration":344},"status":"passed","steps":[],"attachments":[],"parameters":[],"hasContent":false,"stepsCount":0,"shouldDisplayMessage":false,"attachmentsCount":0},{"name":"And we validate the password text","time":{"start":1667625441164,"stop":1667625441256,"duration":92},"status":"passed","steps":[],"attachments":[],"parameters":[],"hasContent":false,"stepsCount":0,"shouldDisplayMessage":false,"attachmentsCount":0},{"name":"And we type in the \"test@1234\" field","time":{"start":1667625441256,"stop":1667625441488,"duration":232},"status":"passed","steps":[],"attachments":[],"parameters":[],"hasContent":false,"stepsCount":0,"shouldDisplayMessage":false,"attachmentsCount":0},{"name":"And we click on the sign in button","time":{"start":1667625441488,"stop":1667625454751,"duration":13263},"status":"passed","steps":[],"attachments":[],"parameters":[],"hasContent":false,"stepsCount":0,"shouldDisplayMessage":false,"attachmentsCount":0},{"name":"Then we validate inbox page opens","time":{"start":1667625454751,"stop":1667625455021,"duration":270},"status":"failed","statusMessage":"AssertionError\n","statusTrace":"  File \"C:\\Users\\Prateek\\AppData\\Local\\Programs\\Python\\Python310\\lib\\site-packages\\behave\\model.py\", line 1329, in run\n    match.run(runner.context)\n  File \"C:\\Users\\Prateek\\AppData\\Local\\Programs\\Python\\Python310\\lib\\site-packages\\behave\\matchers.py\", line 98, in run\n    self.func(context, *args, **kwargs)\n  File \"features\\steps\\ScenarioOutlineExampleStep.py\", line 56, in step_impl\n    assert False  # Forcefully failing assertion\n","steps":[],"attachments":[{"uid":"1a09d6d9d5b7f3b0","name":"screenshot","source":"1a09d6d9d5b7f3b0.png","type":"image/png","size":218430}],"parameters":[],"hasContent":true,"stepsCount":0,"shouldDisplayMessage":true,"attachmentsCount":1}],"attachments":[],"parameters":[],"hasContent":true,"stepsCount":7,"shouldDisplayMessage":false,"attachmentsCount":1},"afterStages":[],"labels":[{"name":"severity","value":"normal"},{"name":"tag","value":"test-data-from-excel"},{"name":"feature","value":"login Rediffmail"},{"name":"framework","value":"behave"},{"name":"language","value":"cpython3"},{"name":"resultFormat","value":"allure2"}],"parameters":[{"name":"password","value":"test@1234"},{"name":"username","value":"selenium.testmay2017"}],"links":[],"hidden":false,"retry":false,"extra":{"severity":"normal","retries":[],"categories":[{"name":"Product defects","matchedStatuses":[],"flaky":false}],"tags":["test-data-from-excel"]},"source":"24ecec8a622be072.json","parameterValues":["test@1234","selenium.testmay2017"]}