{"uid":"5027d374041fc064","name":"Browser Test -- @1.1 ","fullName":"login Rediffmail: Browser Test","historyId":"551461bb68d47d55678e139fa246aed8","time":{"start":1667625401980,"stop":1667625431137,"duration":29157},"status":"failed","statusMessage":"AssertionError\n","statusTrace":"  File \"C:\\Users\\Prateek\\AppData\\Local\\Programs\\Python\\Python310\\lib\\site-packages\\behave\\model.py\", line 1329, in run\n    match.run(runner.context)\n  File \"C:\\Users\\Prateek\\AppData\\Local\\Programs\\Python\\Python310\\lib\\site-packages\\behave\\matchers.py\", line 98, in run\n    self.func(context, *args, **kwargs)\n  File \"features\\steps\\ScenarioOutlineExampleStep.py\", line 56, in step_impl\n    assert False  # Forcefully failing assertion\n","flaky":false,"newFailed":false,"newBroken":false,"newPassed":false,"retriesCount":0,"retriesStatusChange":false,"beforeStages":[],"testStage":{"status":"failed","statusMessage":"AssertionError\n","statusTrace":"  File \"C:\\Users\\Prateek\\AppData\\Local\\Programs\\Python\\Python310\\lib\\site-packages\\behave\\model.py\", line 1329, in run\n    match.run(runner.context)\n  File \"C:\\Users\\Prateek\\AppData\\Local\\Programs\\Python\\Python310\\lib\\site-packages\\behave\\matchers.py\", line 98, in run\n    self.func(context, *args, **kwargs)\n  File \"features\\steps\\ScenarioOutlineExampleStep.py\", line 56, in step_impl\n    assert False  # Forcefully failing assertion\n","steps":[{"name":"Given we navigate to Rediffmail account","time":{"start":1667625406435,"stop":1667625409517,"duration":3082},"status":"passed","steps":[],"attachments":[],"parameters":[],"hasContent":false,"stepsCount":0,"shouldDisplayMessage":false,"attachmentsCount":0},{"name":"When we validate the username text","time":{"start":1667625409517,"stop":1667625410582,"duration":1065},"status":"passed","steps":[],"attachments":[],"parameters":[],"hasContent":false,"stepsCount":0,"shouldDisplayMessage":false,"attachmentsCount":0},{"name":"And we type in the \"selenium.testmay2017\" edit box","time":{"start":1667625410582,"stop":1667625410775,"duration":193},"status":"passed","steps":[],"attachments":[],"parameters":[],"hasContent":false,"stepsCount":0,"shouldDisplayMessage":false,"attachmentsCount":0},{"name":"And we validate the password text","time":{"start":1667625410775,"stop":1667625410845,"duration":70},"status":"passed","steps":[],"attachments":[],"parameters":[],"hasContent":false,"stepsCount":0,"shouldDisplayMessage":false,"attachmentsCount":0},{"name":"And we type in the \"test@1234\" field","time":{"start":1667625410845,"stop":1667625411146,"duration":301},"status":"passed","steps":[],"attachments":[],"parameters":[],"hasContent":false,"stepsCount":0,"shouldDisplayMessage":false,"attachmentsCount":0},{"name":"And we click on the sign in button","time":{"start":1667625411154,"stop":1667625424399,"duration":13245},"status":"passed","steps":[],"attachments":[],"parameters":[],"hasContent":false,"stepsCount":0,"shouldDisplayMessage":false,"attachmentsCount":0},{"name":"Then we validate inbox page opens","time":{"start":1667625424399,"stop":1667625424754,"duration":355},"status":"failed","statusMessage":"AssertionError\n","statusTrace":"  File \"C:\\Users\\Prateek\\AppData\\Local\\Programs\\Python\\Python310\\lib\\site-packages\\behave\\model.py\", line 1329, in run\n    match.run(runner.context)\n  File \"C:\\Users\\Prateek\\AppData\\Local\\Programs\\Python\\Python310\\lib\\site-packages\\behave\\matchers.py\", line 98, in run\n    self.func(context, *args, **kwargs)\n  File \"features\\steps\\ScenarioOutlineExampleStep.py\", line 56, in step_impl\n    assert False  # Forcefully failing assertion\n","steps":[],"attachments":[{"uid":"5045ad34a25add9e","name":"screenshot","source":"5045ad34a25add9e.png","type":"image/png","size":385737}],"parameters":[],"hasContent":true,"stepsCount":0,"shouldDisplayMessage":true,"attachmentsCount":1}],"attachments":[],"parameters":[],"hasContent":true,"stepsCount":7,"shouldDisplayMessage":false,"attachmentsCount":1},"afterStages":[],"labels":[{"name":"severity","value":"normal"},{"name":"tag","value":"test-data-from-excel"},{"name":"feature","value":"login Rediffmail"},{"name":"framework","value":"behave"},{"name":"language","value":"cpython3"},{"name":"resultFormat","value":"allure2"}],"parameters":[{"name":"password","value":"test@1234"},{"name":"username","value":"selenium.testmay2017"}],"links":[],"hidden":false,"retry":false,"extra":{"severity":"normal","retries":[],"categories":[{"name":"Product defects","matchedStatuses":[],"flaky":false}],"tags":["test-data-from-excel"]},"source":"5027d374041fc064.json","parameterValues":["test@1234","selenium.testmay2017"]}